<?xml version="1.0" encoding="utf-8"?><testsuites name="pytest tests"><testsuite name="pytest" errors="0" failures="0" skipped="0" tests="13" time="3.751" timestamp="2026-09-02T02:08:02.798478+00:00" hostname="agent-env-acf672ad-f232-41ed-aaea-81e41ed3f056"><testcase classname="tests.backend_test.TestSettings" name="test_get_default" time="0.390" /><testcase classname="tests.backend_test.TestSettings" name="test_put_and_get" time="0.190" /><testcase classname="tests.backend_test.TestTransactions" name="test_crud_flow" time="0.452" /><testcase classname="tests.backend_test.TestTransactions" name="test_update_nonexistent" time="0.127" /><testcase classname="tests.backend_test.TestRecords" name="test_create_settle_piutang_creates_income_txn" time="0.253" /><testcase classname="tests.backend_test.TestRecords" name="test_settle_utang_creates_expense_txn" time="0.257" /><testcase classname="tests.backend_test.TestRecords" name="test_unsettle_deletes_auto_txn" time="0.327" /><testcase classname="tests.backend_test.TestRecords" name="test_delete_record_deletes_linked_txn" time="0.389" /><testcase classname="tests.backend_test.TestProfitShares" name="test_idempotent_per_bulan" time="0.267" /><testcase classname="tests.backend_test.TestProfitShares" name="test_delete_by_bulan" time="0.258" /><testcase classname="tests.backend_test.TestBackupRestore" name="test_backup_shape" time="0.138" /><testcase classname="tests.backend_test.TestBackupRestore" name="test_import_transactions_bulk" time="0.238" /><testcase classname="tests.backend_test.TestBackupRestore" name="test_restore_replaces_all" time="0.404" /></testsuite></testsuites>