<?xml version="1.0" encoding="utf-8"?><testsuites name="pytest tests"><testsuite name="pytest" errors="0" failures="0" skipped="0" tests="3" time="2.324" timestamp="2026-09-02T06:26:18.804703+00:00" hostname="agent-env-acf672ad-f232-41ed-aaea-81e41ed3f056"><testcase classname="tests.test_stok_flow.TestSalesStockFlow" name="test_create_sale_decrements_stock" time="0.616" /><testcase classname="tests.test_stok_flow.TestSalesStockFlow" name="test_delete_sale_restores_stock" time="0.469" /><testcase classname="tests.test_stok_flow.TestSalesStockFlow" name="test_multiple_sales_cumulative_decrement" time="0.634" /></testsuite></testsuites>